

This is the 2813'th constraint listing of Heur.


----  e1


e1 .. [ 2813 | 1 | LocallyInfeasible ]

    - 6 * x81 - 6 * x80 - 12 * x77 - 12 * x76 - 12 * x67 - 12 * x66 - 7 * x65 - 7 * x64 - 2.400 * x45 - 2.400 * x44 + 1 * objvar 

    = 0 ; (lhs=0)

    name        lower     level     upper
    x81          -inf     2.459       inf
    x80          -inf     7.490       inf
    x77          -inf     2.459       inf
    x76          -inf     5.469       inf
    x67          -inf     0.041       inf
    x66          -inf     1.103       inf
    x65          -inf 2.635e-04       inf
    x64          -inf     3.944       inf
    x45          -inf         0       inf
    x44          -inf     0.585       inf
    objvar       -inf   197.567       inf




----  e2


e2 .. [ 2813 | 2 | LocallyInfeasible ]

    - 1 * x103 + 1 * x102 <= 0 ; (lhs=-0.585)

    name  lower level upper
    x103   -inf 7.600   inf
    x102   -inf 7.015   inf




----  e3


e3 .. [ 2813 | 3 | LocallyInfeasible ]

    + 0.500 * x86 + 1 * x102 <= 20 ; (lhs=9.062)

    name  lower level upper
    x86   2.800 4.095 7.483
    x102   -inf 7.015   inf




----  e4


e4 .. [ 2813 | 4 | LocallyInfeasible ]

    + 0.500 * x86 - 1 * x102 <= 0 ; (lhs=-4.967)

    name  lower level upper
    x86   2.800 4.095 7.483
    x102   -inf 7.015   inf




----  e5


e5 .. [ 2813 | 5 | LocallyInfeasible ]

    + 0.500 * x94 + 1 * x109 <= 5 ; (lhs=3.419)

    name  lower level upper
    x94   1.871 3.419     5
    x109   -inf 1.709   inf




----  e6


e6 .. [ 2813 | 6 | LocallyInfeasible ]

    + 0.500 * x94 - 1 * x109 <= 0 ; (lhs=0)

    name  lower level upper
    x94   1.871 3.419     5
    x109   -inf 1.709   inf




----  e7


e7 .. [ 2813 | 7 | LocallyInfeasible ]

    + 0.500 * x87 + 1 * x103 <= 20 ; (lhs=9.062)

    name  lower level upper
    x87       2 2.925 6.325
    x103   -inf 7.600   inf




----  e8


e8 .. [ 2813 | 8 | LocallyInfeasible ]

    + 0.500 * x87 - 1 * x103 <= 0 ; (lhs=-6.137)

    name  lower level upper
    x87       2 2.925 6.325
    x103   -inf 7.600   inf




----  e9


e9 .. [ 2813 | 9 | LocallyInfeasible ]

    + 0.500 * x95 + 1 * x110 <= 5 ; (lhs=3.419)

    name  lower level upper
    x95   1.581 3.419     5
    x110   -inf 1.709   inf




----  e10


e10 .. [ 2813 | 10 | LocallyInfeasible ]

    + 0.500 * x95 - 1 * x110 <= 0 ; (lhs=0)

    name  lower level upper
    x95   1.581 3.419     5
    x110   -inf 1.709   inf




----  e11


e11 .. [ 2813 | 11 | LocallyInfeasible ]

    + 0.500 * x88 + 1 * x104 <= 20 ; (lhs=20)

    name  lower level upper
    x88   1.800     6     6
    x104   -inf    17   inf




----  e12


e12 .. [ 2813 | 12 | LocallyInfeasible ]

    + 0.500 * x88 - 1 * x104 <= 0 ; (lhs=-14)

    name  lower level upper
    x88   1.800     6     6
    x104   -inf    17   inf




----  e13


e13 .. [ 2813 | 13 | LocallyInfeasible ]

    + 0.500 * x96 + 1 * x111 <= 5 ; (lhs=5)

    name  lower level upper
    x96   1.500 1.500     5
    x111   -inf 4.250   inf




----  e14


e14 .. [ 2813 | 14 | LocallyInfeasible ]

    + 0.500 * x96 - 1 * x111 <= 0 ; (lhs=-3.500)

    name  lower level upper
    x96   1.500 1.500     5
    x111   -inf 4.250   inf




----  e15


e15 .. [ 2813 | 15 | LocallyInfeasible ]

    + 0.500 * x89 + 1 * x105 <= 20 ; (lhs=20)

    name   lower  level  upper
    x89    1.225  3.795  4.899
    x105    -inf 18.103    inf




----  e16


e16 .. [ 2813 | 16 | LocallyInfeasible ]

    + 0.500 * x89 - 1 * x105 <= 0 ; (lhs=-16.205)

    name   lower  level  upper
    x89    1.225  3.795  4.899
    x105    -inf 18.103    inf




----  e17


e17 .. [ 2813 | 17 | LocallyInfeasible ]

    + 0.500 * x97 + 1 * x112 <= 5 ; (lhs=5)

    name  lower level upper
    x97   1.225 1.581 4.899
    x112   -inf 4.209   inf




----  e18


e18 .. [ 2813 | 18 | LocallyInfeasible ]

    + 0.500 * x97 - 1 * x112 <= 0 ; (lhs=-3.419)

    name  lower level upper
    x97   1.225 1.581 4.899
    x112   -inf 4.209   inf




----  e19


e19 .. [ 2813 | 19 | LocallyInfeasible ]

    + 0.500 * x90 + 1 * x106 <= 20 ; (lhs=8.306)

    name  lower level upper
    x90       2 6.325 6.325
    x106   -inf 5.144   inf




----  e20


e20 .. [ 2813 | 20 | LocallyInfeasible ]

    + 0.500 * x90 - 1 * x106 <= 0 ; (lhs=-1.981)

    name  lower level upper
    x90       2 6.325 6.325
    x106   -inf 5.144   inf




----  e21


e21 .. [ 2813 | 21 | LocallyInfeasible ]

    + 0.500 * x98 + 1 * x113 <= 5 ; (lhs=5)

    name  lower level upper
    x98   1.581 1.581     5
    x113   -inf 4.209   inf




----  e22


e22 .. [ 2813 | 22 | LocallyInfeasible ]

    + 0.500 * x98 - 1 * x113 <= 0 ; (lhs=-3.419)

    name  lower level upper
    x98   1.581 1.581     5
    x113   -inf 4.209   inf




----  e23


e23 .. [ 2813 | 23 | LocallyInfeasible ]

    + 0.500 * x91 + 1 * x107 <= 20 ; (lhs=16.205)

    name   lower  level  upper
    x91        5  7.143     10
    x107    -inf 12.634    inf




----  e24


e24 .. [ 2813 | 24 | LocallyInfeasible ]

    + 0.500 * x91 - 1 * x107 <= 0 ; (lhs=-9.062)

    name   lower  level  upper
    x91        5  7.143     10
    x107    -inf 12.634    inf




----  e25


e25 .. [ 2813 | 25 | LocallyInfeasible ]

    + 0.500 * x99 + 1 * x114 <= 5 ; (lhs=3.500)

    name  lower level upper
    x99   2.500 3.500     5
    x114   -inf 1.750   inf




----  e26


e26 .. [ 2813 | 26 | LocallyInfeasible ]

    + 0.500 * x99 - 1 * x114 <= 0 ; (lhs=0)

    name  lower level upper
    x99   2.500 3.500     5
    x114   -inf 1.750   inf




----  e27


e27 .. [ 2813 | 27 | LocallyInfeasible ]

    + 0.500 * x92 + 1 * x108 <= 20 ; (lhs=7.312)

    name  lower level upper
    x92       5 7.312    10
    x108   -inf 3.656   inf




----  e28


e28 .. [ 2813 | 28 | LocallyInfeasible ]

    + 0.500 * x92 - 1 * x108 <= 0 ; (lhs=0)

    name  lower level upper
    x92       5 7.312    10
    x108   -inf 3.656   inf




----  e29


e29 .. [ 2813 | 29 | LocallyInfeasible ]

    + 0.500 * x100 + 1 * x115 <= 5 ; (lhs=3.419)

    name  lower level upper
    x100  2.500 3.419     5
    x115   -inf 1.709   inf




----  e30


e30 .. [ 2813 | 30 | LocallyInfeasible ]

    + 0.500 * x100 - 1 * x115 <= 0 ; (lhs=0)

    name  lower level upper
    x100  2.500 3.419     5
    x115   -inf 1.709   inf




----  e31


e31 .. [ 2813 | 31 | LocallyInfeasible ]

    - 1 * x103 + 1 * x102 - 1 * x44 <= 0 ; (lhs=-1.170)

    name  lower level upper
    x103   -inf 7.600   inf
    x102   -inf 7.015   inf
    x44    -inf 0.585   inf




----  e32


e32 .. [ 2813 | 32 | LocallyInfeasible ]

    + 1 * x103 - 1 * x102 - 1 * x44 <= 0 ; (lhs=0)

    name  lower level upper
    x103   -inf 7.600   inf
    x102   -inf 7.015   inf
    x44    -inf 0.585   inf




----  e33


e33 .. [ 2813 | 33 | LocallyInfeasible ]

    - 1 * x110 + 1 * x109 - 1 * x45 <= 0 ; (lhs=0)

    name  lower level upper
    x110   -inf 1.709   inf
    x109   -inf 1.709   inf
    x45    -inf     0   inf




----  e34


e34 .. [ 2813 | 34 | LocallyInfeasible ]

    + 1 * x110 - 1 * x109 - 1 * x45 <= 0 ; (lhs=0)

    name  lower level upper
    x110   -inf 1.709   inf
    x109   -inf 1.709   inf
    x45    -inf     0   inf




----  e35


e35 .. [ 2813 | 35 | LocallyInfeasible ]

    + 0.500 * x86 + 0.500 * x87 + 1 * x103 - 1 * x102 - 20 * b2 - 20 * b1 <= 0 ; (lhs=-15.905)

    name  lower level upper
    x86   2.800 4.095 7.483
    x87       2 2.925 6.325
    x103   -inf 7.600   inf
    x102   -inf 7.015   inf
    b2        1     1     1   Frozen
    b1        0     0     0   Frozen




----  e36


e36 .. [ 2813 | 36 | LocallyInfeasible ]

    + 0.500 * x86 + 0.500 * x87 - 1 * x103 + 1 * x102 + 20 * b2 - 20 * b1 <= 20 ; (lhs=22.925) ****

    name  lower level upper
    x86   2.800 4.095 7.483
    x87       2 2.925 6.325
    x103   -inf 7.600   inf
    x102   -inf 7.015   inf
    b2        1     1     1   Frozen
    b1        0     0     0   Frozen




----  e37


e37 .. [ 2813 | 37 | LocallyInfeasible ]

    + 0.500 * x94 + 0.500 * x95 + 1 * x110 - 1 * x109 - 5 * b2 + 5 * b1 <= 5 ; (lhs=-1.581)

    name  lower level upper
    x94   1.871 3.419     5
    x95   1.581 3.419     5
    x110   -inf 1.709   inf
    x109   -inf 1.709   inf
    b2        1     1     1   Frozen
    b1        0     0     0   Frozen




----  e38


e38 .. [ 2813 | 38 | LocallyInfeasible ]

    + 0.500 * x94 + 0.500 * x95 - 1 * x110 + 1 * x109 + 5 * b2 + 5 * b1 <= 10 ; (lhs=8.419)

    name  lower level upper
    x94   1.871 3.419     5
    x95   1.581 3.419     5
    x110   -inf 1.709   inf
    x109   -inf 1.709   inf
    b2        1     1     1   Frozen
    b1        0     0     0   Frozen




----  e39


e39 .. [ 2813 | 39 | LocallyInfeasible ]

    - 1 * x104 + 1 * x102 - 1 * x46 <= 0 ; (lhs=-19.970)

    name  lower level upper
    x104   -inf    17   inf
    x102   -inf 7.015   inf
    x46    -inf 9.985   inf




----  e40


e40 .. [ 2813 | 40 | LocallyInfeasible ]

    + 1 * x104 - 1 * x102 - 1 * x46 <= 0 ; (lhs=0)

    name  lower level upper
    x104   -inf    17   inf
    x102   -inf 7.015   inf
    x46    -inf 9.985   inf




----  e41


e41 .. [ 2813 | 41 | LocallyInfeasible ]

    - 1 * x111 + 1 * x109 - 1 * x47 <= 0 ; (lhs=-5.081)

    name  lower level upper
    x111   -inf 4.250   inf
    x109   -inf 1.709   inf
    x47    -inf 2.541   inf




----  e42


e42 .. [ 2813 | 42 | LocallyInfeasible ]

    + 1 * x111 - 1 * x109 - 1 * x47 <= 0 ; (lhs=0)

    name  lower level upper
    x111   -inf 4.250   inf
    x109   -inf 1.709   inf
    x47    -inf 2.541   inf




----  e43


e43 .. [ 2813 | 43 | LocallyInfeasible ]

    + 0.500 * x86 + 0.500 * x88 + 1 * x104 - 1 * x102 - 20 * b4 - 20 * b3 <= 0 ; (lhs=-4.967)

    name  lower level upper
    x86   2.800 4.095 7.483
    x88   1.800     6     6
    x104   -inf    17   inf
    x102   -inf 7.015   inf
    b4        1     1     1   Frozen
    b3        0     0     0   Frozen




----  e44


e44 .. [ 2813 | 44 | LocallyInfeasible ]

    + 0.500 * x86 + 0.500 * x88 - 1 * x104 + 1 * x102 + 20 * b4 - 20 * b3 <= 20 ; (lhs=15.062)

    name  lower level upper
    x86   2.800 4.095 7.483
    x88   1.800     6     6
    x104   -inf    17   inf
    x102   -inf 7.015   inf
    b4        1     1     1   Frozen
    b3        0     0     0   Frozen




----  e45


e45 .. [ 2813 | 45 | LocallyInfeasible ]

    + 0.500 * x94 + 0.500 * x96 + 1 * x111 - 1 * x109 - 5 * b4 + 5 * b3 <= 5 ; (lhs=0)

    name  lower level upper
    x94   1.871 3.419     5
    x96   1.500 1.500     5
    x111   -inf 4.250   inf
    x109   -inf 1.709   inf
    b4        1     1     1   Frozen
    b3        0     0     0   Frozen




----  e46


e46 .. [ 2813 | 46 | LocallyInfeasible ]

    + 0.500 * x94 + 0.500 * x96 - 1 * x111 + 1 * x109 + 5 * b4 + 5 * b3 <= 10 ; (lhs=4.919)

    name  lower level upper
    x94   1.871 3.419     5
    x96   1.500 1.500     5
    x111   -inf 4.250   inf
    x109   -inf 1.709   inf
    b4        1     1     1   Frozen
    b3        0     0     0   Frozen




----  e47


e47 .. [ 2813 | 47 | LocallyInfeasible ]

    - 1 * x105 + 1 * x102 - 1 * x48 <= 0 ; (lhs=-24.456)

    name   lower  level  upper
    x105    -inf 18.103    inf
    x102    -inf  7.015    inf
    x48     -inf 13.369    inf




----  e48


e48 .. [ 2813 | 48 | LocallyInfeasible ]

    + 1 * x105 - 1 * x102 - 1 * x48 <= 0 ; (lhs=-2.281)

    name   lower  level  upper
    x105    -inf 18.103    inf
    x102    -inf  7.015    inf
    x48     -inf 13.369    inf




----  e49


e49 .. [ 2813 | 49 | LocallyInfeasible ]

    - 1 * x112 + 1 * x109 - 1 * x49 <= 0 ; (lhs=-5.166)

    name  lower level upper
    x112   -inf 4.209   inf
    x109   -inf 1.709   inf
    x49    -inf 2.666   inf




----  e50


e50 .. [ 2813 | 50 | LocallyInfeasible ]

    + 1 * x112 - 1 * x109 - 1 * x49 <= 0 ; (lhs=-0.166)

    name  lower level upper
    x112   -inf 4.209   inf
    x109   -inf 1.709   inf
    x49    -inf 2.666   inf




----  e51


e51 .. [ 2813 | 51 | LocallyInfeasible ]

    + 0.500 * x86 + 0.500 * x89 + 1 * x105 - 1 * x102 - 20 * b6 - 20 * b5 <= 0 ; (lhs=-24.967)

    name   lower  level  upper
    x86    2.800  4.095  7.483
    x89    1.225  3.795  4.899
    x105    -inf 18.103    inf
    x102    -inf  7.015    inf
    b6         1      1      1   Frozen
    b5         1      1      1   Frozen




----  e52


e52 .. [ 2813 | 52 | LocallyInfeasible ]

    + 0.500 * x86 + 0.500 * x89 - 1 * x105 + 1 * x102 + 20 * b6 - 20 * b5 <= 20 ; (lhs=-7.143)

    name   lower  level  upper
    x86    2.800  4.095  7.483
    x89    1.225  3.795  4.899
    x105    -inf 18.103    inf
    x102    -inf  7.015    inf
    b6         1      1      1   Frozen
    b5         1      1      1   Frozen




----  e53


e53 .. [ 2813 | 53 | LocallyInfeasible ]

    + 0.500 * x94 + 0.500 * x97 + 1 * x112 - 1 * x109 - 5 * b6 + 5 * b5 <= 5 ; (lhs=5)

    name  lower level upper
    x94   1.871 3.419     5
    x97   1.225 1.581 4.899
    x112   -inf 4.209   inf
    x109   -inf 1.709   inf
    b6        1     1     1   Frozen
    b5        1     1     1   Frozen




----  e54


e54 .. [ 2813 | 54 | LocallyInfeasible ]

    + 0.500 * x94 + 0.500 * x97 - 1 * x112 + 1 * x109 + 5 * b6 + 5 * b5 <= 10 ; (lhs=10)

    name  lower level upper
    x94   1.871 3.419     5
    x97   1.225 1.581 4.899
    x112   -inf 4.209   inf
    x109   -inf 1.709   inf
    b6        1     1     1   Frozen
    b5        1     1     1   Frozen




----  e55


e55 .. [ 2813 | 55 | LocallyInfeasible ]

    - 1 * x106 + 1 * x102 - 1 * x50 <= 0 ; (lhs=-1.030)

    name  lower level upper
    x106   -inf 5.144   inf
    x102   -inf 7.015   inf
    x50    -inf 2.902   inf




----  e56


e56 .. [ 2813 | 56 | LocallyInfeasible ]

    + 1 * x106 - 1 * x102 - 1 * x50 <= 0 ; (lhs=-4.773)

    name  lower level upper
    x106   -inf 5.144   inf
    x102   -inf 7.015   inf
    x50    -inf 2.902   inf




----  e57


e57 .. [ 2813 | 57 | LocallyInfeasible ]

    - 1 * x113 + 1 * x109 - 1 * x51 <= 0 ; (lhs=-5)

    name  lower level upper
    x113   -inf 4.209   inf
    x109   -inf 1.709   inf
    x51    -inf 2.500   inf




----  e58


e58 .. [ 2813 | 58 | LocallyInfeasible ]

    + 1 * x113 - 1 * x109 - 1 * x51 <= 0 ; (lhs=0)

    name  lower level upper
    x113   -inf 4.209   inf
    x109   -inf 1.709   inf
    x51    -inf 2.500   inf




----  e59


e59 .. [ 2813 | 59 | LocallyInfeasible ]

    + 0.500 * x86 + 0.500 * x90 + 1 * x106 - 1 * x102 - 20 * b8 - 20 * b7 <= 0 ; (lhs=-36.662)

    name  lower level upper
    x86   2.800 4.095 7.483
    x90       2 6.325 6.325
    x106   -inf 5.144   inf
    x102   -inf 7.015   inf
    b8        1     1     1   Frozen
    b7        1     1     1   Frozen




----  e60


e60 .. [ 2813 | 60 | LocallyInfeasible ]

    + 0.500 * x86 + 0.500 * x90 - 1 * x106 + 1 * x102 + 20 * b8 - 20 * b7 <= 20 ; (lhs=7.081)

    name  lower level upper
    x86   2.800 4.095 7.483
    x90       2 6.325 6.325
    x106   -inf 5.144   inf
    x102   -inf 7.015   inf
    b8        1     1     1   Frozen
    b7        1     1     1   Frozen




----  e61


e61 .. [ 2813 | 61 | LocallyInfeasible ]

    + 0.500 * x94 + 0.500 * x98 + 1 * x113 - 1 * x109 - 5 * b8 + 5 * b7 <= 5 ; (lhs=5)

    name  lower level upper
    x94   1.871 3.419     5
    x98   1.581 1.581     5
    x113   -inf 4.209   inf
    x109   -inf 1.709   inf
    b8        1     1     1   Frozen
    b7        1     1     1   Frozen




----  e62


e62 .. [ 2813 | 62 | LocallyInfeasible ]

    + 0.500 * x94 + 0.500 * x98 - 1 * x113 + 1 * x109 + 5 * b8 + 5 * b7 <= 10 ; (lhs=10)

    name  lower level upper
    x94   1.871 3.419     5
    x98   1.581 1.581     5
    x113   -inf 4.209   inf
    x109   -inf 1.709   inf
    b8        1     1     1   Frozen
    b7        1     1     1   Frozen




----  e63


e63 .. [ 2813 | 63 | LocallyInfeasible ]

    - 1 * x107 + 1 * x102 - 1 * x52 <= 0 ; (lhs=-11.238)

    name   lower  level  upper
    x107    -inf 12.634    inf
    x102    -inf  7.015    inf
    x52     -inf  5.619    inf




----  e64


e64 .. [ 2813 | 64 | LocallyInfeasible ]

    + 1 * x107 - 1 * x102 - 1 * x52 <= 0 ; (lhs=0)

    name   lower  level  upper
    x107    -inf 12.634    inf
    x102    -inf  7.015    inf
    x52     -inf  5.619    inf




----  e65


e65 .. [ 2813 | 65 | LocallyInfeasible ]

    - 1 * x114 + 1 * x109 - 1 * x53 <= 0 ; (lhs=-0.081)

    name  lower level upper
    x114   -inf 1.750   inf
    x109   -inf 1.709   inf
    x53    -inf 0.041   inf




----  e66


e66 .. [ 2813 | 66 | LocallyInfeasible ]

    + 1 * x114 - 1 * x109 - 1 * x53 <= 0 ; (lhs=0)

    name  lower level upper
    x114   -inf 1.750   inf
    x109   -inf 1.709   inf
    x53    -inf 0.041   inf




----  e67


e67 .. [ 2813 | 67 | LocallyInfeasible ]

    + 0.500 * x86 + 0.500 * x91 + 1 * x107 - 1 * x102 - 20 * b10 - 20 * b9 <= 0 ; (lhs=-8.762)

    name   lower  level  upper
    x86    2.800  4.095  7.483
    x91        5  7.143     10
    x107    -inf 12.634    inf
    x102    -inf  7.015    inf
    b10        1      1      1   Frozen
    b9         0      0      0   Frozen




----  e68


e68 .. [ 2813 | 68 | LocallyInfeasible ]

    + 0.500 * x86 + 0.500 * x91 - 1 * x107 + 1 * x102 + 20 * b10 - 20 * b9 <= 20 ; (lhs=20)

    name   lower  level  upper
    x86    2.800  4.095  7.483
    x91        5  7.143     10
    x107    -inf 12.634    inf
    x102    -inf  7.015    inf
    b10        1      1      1   Frozen
    b9         0      0      0   Frozen




----  e69


e69 .. [ 2813 | 69 | LocallyInfeasible ]

    + 0.500 * x94 + 0.500 * x99 + 1 * x114 - 1 * x109 - 5 * b10 + 5 * b9 <= 5 ; (lhs=-1.500)

    name  lower level upper
    x94   1.871 3.419     5
    x99   2.500 3.500     5
    x114   -inf 1.750   inf
    x109   -inf 1.709   inf
    b10       1     1     1   Frozen
    b9        0     0     0   Frozen




----  e70


e70 .. [ 2813 | 70 | LocallyInfeasible ]

    + 0.500 * x94 + 0.500 * x99 - 1 * x114 + 1 * x109 + 5 * b10 + 5 * b9 <= 10 ; (lhs=8.419)

    name  lower level upper
    x94   1.871 3.419     5
    x99   2.500 3.500     5
    x114   -inf 1.750   inf
    x109   -inf 1.709   inf
    b10       1     1     1   Frozen
    b9        0     0     0   Frozen




----  e71


e71 .. [ 2813 | 71 | LocallyInfeasible ]

    - 1 * x108 + 1 * x102 - 1 * x54 <= 0 ; (lhs=-3.409)

    name  lower level upper
    x108   -inf 3.656   inf
    x102   -inf 7.015   inf
    x54    -inf 6.767   inf




----  e72


e72 .. [ 2813 | 72 | LocallyInfeasible ]

    + 1 * x108 - 1 * x102 - 1 * x54 <= 0 ; (lhs=-10.126)

    name  lower level upper
    x108   -inf 3.656   inf
    x102   -inf 7.015   inf
    x54    -inf 6.767   inf




----  e73


e73 .. [ 2813 | 73 | LocallyInfeasible ]

    - 1 * x115 + 1 * x109 - 1 * x55 <= 0 ; (lhs=-1.894e-05)

    name      lower     level     upper
    x115       -inf     1.709       inf
    x109       -inf     1.709       inf
    x55        -inf 1.894e-05       inf




----  e74


e74 .. [ 2813 | 74 | LocallyInfeasible ]

    + 1 * x115 - 1 * x109 - 1 * x55 <= 0 ; (lhs=-1.894e-05)

    name      lower     level     upper
    x115       -inf     1.709       inf
    x109       -inf     1.709       inf
    x55        -inf 1.894e-05       inf




----  e75


e75 .. [ 2813 | 75 | LocallyInfeasible ]

    + 0.500 * x86 + 0.500 * x92 + 1 * x108 - 1 * x102 - 20 * b12 - 20 * b11 <= 0 ; (lhs=2.345) ****

    name  lower level upper
    x86   2.800 4.095 7.483
    x92       5 7.312    10
    x108   -inf 3.656   inf
    x102   -inf 7.015   inf
    b12       0     0     0   Frozen
    b11       0     0     0   Frozen




----  e76


e76 .. [ 2813 | 76 | LocallyInfeasible ]

    + 0.500 * x86 + 0.500 * x92 - 1 * x108 + 1 * x102 + 20 * b12 - 20 * b11 <= 20 ; (lhs=9.062)

    name  lower level upper
    x86   2.800 4.095 7.483
    x92       5 7.312    10
    x108   -inf 3.656   inf
    x102   -inf 7.015   inf
    b12       0     0     0   Frozen
    b11       0     0     0   Frozen




----  e77


e77 .. [ 2813 | 77 | LocallyInfeasible ]

    + 0.500 * x94 + 0.500 * x100 + 1 * x115 - 1 * x109 - 5 * b12 + 5 * b11 <= 5 ; (lhs=3.419)

    name  lower level upper
    x94   1.871 3.419     5
    x100  2.500 3.419     5
    x115   -inf 1.709   inf
    x109   -inf 1.709   inf
    b12       0     0     0   Frozen
    b11       0     0     0   Frozen




----  e78


e78 .. [ 2813 | 78 | LocallyInfeasible ]

    + 0.500 * x94 + 0.500 * x100 - 1 * x115 + 1 * x109 + 5 * b12 + 5 * b11 <= 10 ; (lhs=3.419)

    name  lower level upper
    x94   1.871 3.419     5
    x100  2.500 3.419     5
    x115   -inf 1.709   inf
    x109   -inf 1.709   inf
    b12       0     0     0   Frozen
    b11       0     0     0   Frozen




----  e79


e79 .. [ 2813 | 79 | LocallyInfeasible ]

    - 1 * x104 + 1 * x103 - 1 * x56 <= 0 ; (lhs=-21.043)

    name   lower  level  upper
    x104    -inf     17    inf
    x103    -inf  7.600    inf
    x56     -inf 11.643    inf




----  e80


e80 .. [ 2813 | 80 | LocallyInfeasible ]

    + 1 * x104 - 1 * x103 - 1 * x56 <= 0 ; (lhs=-2.243)

    name   lower  level  upper
    x104    -inf     17    inf
    x103    -inf  7.600    inf
    x56     -inf 11.643    inf




----  e81


e81 .. [ 2813 | 81 | LocallyInfeasible ]

    - 1 * x111 + 1 * x110 - 1 * x57 <= 0 ; (lhs=-5.081)

    name  lower level upper
    x111   -inf 4.250   inf
    x110   -inf 1.709   inf
    x57    -inf 2.541   inf




----  e82


e82 .. [ 2813 | 82 | LocallyInfeasible ]

    + 1 * x111 - 1 * x110 - 1 * x57 <= 0 ; (lhs=0)

    name  lower level upper
    x111   -inf 4.250   inf
    x110   -inf 1.709   inf
    x57    -inf 2.541   inf




----  e83


e83 .. [ 2813 | 83 | LocallyInfeasible ]

    + 0.500 * x87 + 0.500 * x88 + 1 * x104 - 1 * x103 - 20 * b14 - 20 * b13 <= 0 ; (lhs=-26.137)

    name  lower level upper
    x87       2 2.925 6.325
    x88   1.800     6     6
    x104   -inf    17   inf
    x103   -inf 7.600   inf
    b14       1     1     1   Frozen
    b13       1     1     1   Frozen




----  e84


e84 .. [ 2813 | 84 | LocallyInfeasible ]

    + 0.500 * x87 + 0.500 * x88 - 1 * x104 + 1 * x103 + 20 * b14 - 20 * b13 <= 20 ; (lhs=-4.938)

    name  lower level upper
    x87       2 2.925 6.325
    x88   1.800     6     6
    x104   -inf    17   inf
    x103   -inf 7.600   inf
    b14       1     1     1   Frozen
    b13       1     1     1   Frozen




----  e85


e85 .. [ 2813 | 85 | LocallyInfeasible ]

    + 0.500 * x95 + 0.500 * x96 + 1 * x111 - 1 * x110 - 5 * b14 + 5 * b13 <= 5 ; (lhs=5)

    name  lower level upper
    x95   1.581 3.419     5
    x96   1.500 1.500     5
    x111   -inf 4.250   inf
    x110   -inf 1.709   inf
    b14       1     1     1   Frozen
    b13       1     1     1   Frozen




----  e86


e86 .. [ 2813 | 86 | LocallyInfeasible ]

    + 0.500 * x95 + 0.500 * x96 - 1 * x111 + 1 * x110 + 5 * b14 + 5 * b13 <= 10 ; (lhs=9.919)

    name  lower level upper
    x95   1.581 3.419     5
    x96   1.500 1.500     5
    x111   -inf 4.250   inf
    x110   -inf 1.709   inf
    b14       1     1     1   Frozen
    b13       1     1     1   Frozen




----  e87


e87 .. [ 2813 | 87 | LocallyInfeasible ]

    - 1 * x105 + 1 * x103 - 1 * x58 <= 0 ; (lhs=-21.005)

    name   lower  level  upper
    x105    -inf 18.103    inf
    x103    -inf  7.600    inf
    x58     -inf 10.503    inf




----  e88


e88 .. [ 2813 | 88 | LocallyInfeasible ]

    + 1 * x105 - 1 * x103 - 1 * x58 <= 0 ; (lhs=0)

    name   lower  level  upper
    x105    -inf 18.103    inf
    x103    -inf  7.600    inf
    x58     -inf 10.503    inf




----  e89


e89 .. [ 2813 | 89 | LocallyInfeasible ]

    - 1 * x112 + 1 * x110 - 1 * x59 <= 0 ; (lhs=-5.041)

    name  lower level upper
    x112   -inf 4.209   inf
    x110   -inf 1.709   inf
    x59    -inf 2.541   inf




----  e90


e90 .. [ 2813 | 90 | LocallyInfeasible ]

    + 1 * x112 - 1 * x110 - 1 * x59 <= 0 ; (lhs=-0.041)

    name  lower level upper
    x112   -inf 4.209   inf
    x110   -inf 1.709   inf
    x59    -inf 2.541   inf




----  e91


e91 .. [ 2813 | 91 | LocallyInfeasible ]

    + 0.500 * x87 + 0.500 * x89 + 1 * x105 - 1 * x103 - 20 * b16 - 20 * b15 <= 0 ; (lhs=-6.137)

    name   lower  level  upper
    x87        2  2.925  6.325
    x89    1.225  3.795  4.899
    x105    -inf 18.103    inf
    x103    -inf  7.600    inf
    b16        1      1      1   Frozen
    b15        0      0      0   Frozen




----  e92


e92 .. [ 2813 | 92 | LocallyInfeasible ]

    + 0.500 * x87 + 0.500 * x89 - 1 * x105 + 1 * x103 + 20 * b16 - 20 * b15 <= 20 ; (lhs=12.857)

    name   lower  level  upper
    x87        2  2.925  6.325
    x89    1.225  3.795  4.899
    x105    -inf 18.103    inf
    x103    -inf  7.600    inf
    b16        1      1      1   Frozen
    b15        0      0      0   Frozen




----  e93


e93 .. [ 2813 | 93 | LocallyInfeasible ]

    + 0.500 * x95 + 0.500 * x97 + 1 * x112 - 1 * x110 - 5 * b16 + 5 * b15 <= 5 ; (lhs=0)

    name  lower level upper
    x95   1.581 3.419     5
    x97   1.225 1.581 4.899
    x112   -inf 4.209   inf
    x110   -inf 1.709   inf
    b16       1     1     1   Frozen
    b15       0     0     0   Frozen




----  e94


e94 .. [ 2813 | 94 | LocallyInfeasible ]

    + 0.500 * x95 + 0.500 * x97 - 1 * x112 + 1 * x110 + 5 * b16 + 5 * b15 <= 10 ; (lhs=5)

    name  lower level upper
    x95   1.581 3.419     5
    x97   1.225 1.581 4.899
    x112   -inf 4.209   inf
    x110   -inf 1.709   inf
    b16       1     1     1   Frozen
    b15       0     0     0   Frozen




----  e95


e95 .. [ 2813 | 95 | LocallyInfeasible ]

    - 1 * x106 + 1 * x103 - 1 * x60 <= 0 ; (lhs=-1.034)

    name  lower level upper
    x106   -inf 5.144   inf
    x103   -inf 7.600   inf
    x60    -inf 3.491   inf




----  e96


e96 .. [ 2813 | 96 | LocallyInfeasible ]

    + 1 * x106 - 1 * x103 - 1 * x60 <= 0 ; (lhs=-5.947)

    name  lower level upper
    x106   -inf 5.144   inf
    x103   -inf 7.600   inf
    x60    -inf 3.491   inf




----  e97


e97 .. [ 2813 | 97 | LocallyInfeasible ]

    - 1 * x113 + 1 * x110 - 1 * x61 <= 0 ; (lhs=-5.832)

    name  lower level upper
    x113   -inf 4.209   inf
    x110   -inf 1.709   inf
    x61    -inf 3.332   inf




----  e98


e98 .. [ 2813 | 98 | LocallyInfeasible ]

    + 1 * x113 - 1 * x110 - 1 * x61 <= 0 ; (lhs=-0.832)

    name  lower level upper
    x113   -inf 4.209   inf
    x110   -inf 1.709   inf
    x61    -inf 3.332   inf




----  e99


e99 .. [ 2813 | 99 | LocallyInfeasible ]

    + 0.500 * x87 + 0.500 * x90 + 1 * x106 - 1 * x103 - 20 * b18 - 20 * b17 <= 0 ; (lhs=-37.832)

    name  lower level upper
    x87       2 2.925 6.325
    x90       2 6.325 6.325
    x106   -inf 5.144   inf
    x103   -inf 7.600   inf
    b18       1     1     1   Frozen
    b17       1     1     1   Frozen




----  e100


e100 .. [ 2813 | 100 | LocallyInfeasible ]

    + 0.500 * x87 + 0.500 * x90 - 1 * x106 + 1 * x103 + 20 * b18 - 20 * b17 <= 20 ; (lhs=7.081)

    name  lower level upper
    x87       2 2.925 6.325
    x90       2 6.325 6.325
    x106   -inf 5.144   inf
    x103   -inf 7.600   inf
    b18       1     1     1   Frozen
    b17       1     1     1   Frozen




----  e101


e101 .. [ 2813 | 101 | LocallyInfeasible ]

    + 0.500 * x95 + 0.500 * x98 + 1 * x113 - 1 * x110 - 5 * b18 + 5 * b17 <= 5 ; (lhs=5)

    name  lower level upper
    x95   1.581 3.419     5
    x98   1.581 1.581     5
    x113   -inf 4.209   inf
    x110   -inf 1.709   inf
    b18       1     1     1   Frozen
    b17       1     1     1   Frozen




----  e102


e102 .. [ 2813 | 102 | LocallyInfeasible ]

    + 0.500 * x95 + 0.500 * x98 - 1 * x113 + 1 * x110 + 5 * b18 + 5 * b17 <= 10 ; (lhs=10)

    name  lower level upper
    x95   1.581 3.419     5
    x98   1.581 1.581     5
    x113   -inf 4.209   inf
    x110   -inf 1.709   inf
    b18       1     1     1   Frozen
    b17       1     1     1   Frozen




----  e103


e103 .. [ 2813 | 103 | LocallyInfeasible ]

    - 1 * x107 + 1 * x103 - 1 * x62 <= 0 ; (lhs=-10.068)

    name   lower  level  upper
    x107    -inf 12.634    inf
    x103    -inf  7.600    inf
    x62     -inf  5.034    inf




----  e104


e104 .. [ 2813 | 104 | LocallyInfeasible ]

    + 1 * x107 - 1 * x103 - 1 * x62 <= 0 ; (lhs=0)

    name   lower  level  upper
    x107    -inf 12.634    inf
    x103    -inf  7.600    inf
    x62     -inf  5.034    inf




----  e105


e105 .. [ 2813 | 105 | LocallyInfeasible ]

    - 1 * x114 + 1 * x110 - 1 * x63 <= 0 ; (lhs=-0.362)

    name  lower level upper
    x114   -inf 1.750   inf
    x110   -inf 1.709   inf
    x63    -inf 0.321   inf




----  e106


e106 .. [ 2813 | 106 | LocallyInfeasible ]

    + 1 * x114 - 1 * x110 - 1 * x63 <= 0 ; (lhs=-0.281)

    name  lower level upper
    x114   -inf 1.750   inf
    x110   -inf 1.709   inf
    x63    -inf 0.321   inf




----  e107


e107 .. [ 2813 | 107 | LocallyInfeasible ]

    + 0.500 * x87 + 0.500 * x91 + 1 * x107 - 1 * x103 - 20 * b20 - 20 * b19 <= 0 ; (lhs=-9.932)

    name   lower  level  upper
    x87        2  2.925  6.325
    x91        5  7.143     10
    x107    -inf 12.634    inf
    x103    -inf  7.600    inf
    b20        1      1      1   Frozen
    b19        0      0      0   Frozen




----  e108


e108 .. [ 2813 | 108 | LocallyInfeasible ]

    + 0.500 * x87 + 0.500 * x91 - 1 * x107 + 1 * x103 + 20 * b20 - 20 * b19 <= 20 ; (lhs=20)

    name   lower  level  upper
    x87        2  2.925  6.325
    x91        5  7.143     10
    x107    -inf 12.634    inf
    x103    -inf  7.600    inf
    b20        1      1      1   Frozen
    b19        0      0      0   Frozen




----  e109


e109 .. [ 2813 | 109 | LocallyInfeasible ]

    + 0.500 * x95 + 0.500 * x99 + 1 * x114 - 1 * x110 - 5 * b20 + 5 * b19 <= 5 ; (lhs=-1.500)

    name  lower level upper
    x95   1.581 3.419     5
    x99   2.500 3.500     5
    x114   -inf 1.750   inf
    x110   -inf 1.709   inf
    b20       1     1     1   Frozen
    b19       0     0     0   Frozen




----  e110


e110 .. [ 2813 | 110 | LocallyInfeasible ]

    + 0.500 * x95 + 0.500 * x99 - 1 * x114 + 1 * x110 + 5 * b20 + 5 * b19 <= 10 ; (lhs=8.419)

    name  lower level upper
    x95   1.581 3.419     5
    x99   2.500 3.500     5
    x114   -inf 1.750   inf
    x110   -inf 1.709   inf
    b20       1     1     1   Frozen
    b19       0     0     0   Frozen




----  e111


e111 .. [ 2813 | 111 | LocallyInfeasible ]

    - 1 * x108 + 1 * x103 - 1 * x64 <= 0 ; (lhs=0)

    name  lower level upper
    x108   -inf 3.656   inf
    x103   -inf 7.600   inf
    x64    -inf 3.944   inf




----  e112


e112 .. [ 2813 | 112 | LocallyInfeasible ]

    + 1 * x108 - 1 * x103 - 1 * x64 <= 0 ; (lhs=-7.887)

    name  lower level upper
    x108   -inf 3.656   inf
    x103   -inf 7.600   inf
    x64    -inf 3.944   inf




----  e113


e113 .. [ 2813 | 113 | LocallyInfeasible ]

    - 1 * x115 + 1 * x110 - 1 * x65 <= 0 ; (lhs=-2.635e-04)

    name      lower     level     upper
    x115       -inf     1.709       inf
    x110       -inf     1.709       inf
    x65        -inf 2.635e-04       inf




----  e114


e114 .. [ 2813 | 114 | LocallyInfeasible ]

    + 1 * x115 - 1 * x110 - 1 * x65 <= 0 ; (lhs=-2.635e-04)

    name      lower     level     upper
    x115       -inf     1.709       inf
    x110       -inf     1.709       inf
    x65        -inf 2.635e-04       inf




----  e115


e115 .. [ 2813 | 115 | LocallyInfeasible ]

    + 0.500 * x87 + 0.500 * x92 + 1 * x108 - 1 * x103 - 20 * b22 - 20 * b21 <= 0 ; (lhs=1.175) ****

    name  lower level upper
    x87       2 2.925 6.325
    x92       5 7.312    10
    x108   -inf 3.656   inf
    x103   -inf 7.600   inf
    b22       0     0     0   Frozen
    b21       0     0     0   Frozen




----  e116


e116 .. [ 2813 | 116 | LocallyInfeasible ]

    + 0.500 * x87 + 0.500 * x92 - 1 * x108 + 1 * x103 + 20 * b22 - 20 * b21 <= 20 ; (lhs=9.062)

    name  lower level upper
    x87       2 2.925 6.325
    x92       5 7.312    10
    x108   -inf 3.656   inf
    x103   -inf 7.600   inf
    b22       0     0     0   Frozen
    b21       0     0     0   Frozen




----  e117


e117 .. [ 2813 | 117 | LocallyInfeasible ]

    + 0.500 * x95 + 0.500 * x100 + 1 * x115 - 1 * x110 - 5 * b22 + 5 * b21 <= 5 ; (lhs=3.419)

    name  lower level upper
    x95   1.581 3.419     5
    x100  2.500 3.419     5
    x115   -inf 1.709   inf
    x110   -inf 1.709   inf
    b22       0     0     0   Frozen
    b21       0     0     0   Frozen




----  e118


e118 .. [ 2813 | 118 | LocallyInfeasible ]

    + 0.500 * x95 + 0.500 * x100 - 1 * x115 + 1 * x110 + 5 * b22 + 5 * b21 <= 10 ; (lhs=3.419)

    name  lower level upper
    x95   1.581 3.419     5
    x100  2.500 3.419     5
    x115   -inf 1.709   inf
    x110   -inf 1.709   inf
    b22       0     0     0   Frozen
    b21       0     0     0   Frozen




----  e119


e119 .. [ 2813 | 119 | LocallyInfeasible ]

    - 1 * x105 + 1 * x104 - 1 * x66 <= 0 ; (lhs=-2.205)

    name   lower  level  upper
    x105    -inf 18.103    inf
    x104    -inf     17    inf
    x66     -inf  1.103    inf




----  e120


e120 .. [ 2813 | 120 | LocallyInfeasible ]

    + 1 * x105 - 1 * x104 - 1 * x66 <= 0 ; (lhs=0)

    name   lower  level  upper
    x105    -inf 18.103    inf
    x104    -inf     17    inf
    x66     -inf  1.103    inf




----  e121


e121 .. [ 2813 | 121 | LocallyInfeasible ]

    - 1 * x112 + 1 * x111 - 1 * x67 <= 0 ; (lhs=0)

    name  lower level upper
    x112   -inf 4.209   inf
    x111   -inf 4.250   inf
    x67    -inf 0.041   inf




----  e122


e122 .. [ 2813 | 122 | LocallyInfeasible ]

    + 1 * x112 - 1 * x111 - 1 * x67 <= 0 ; (lhs=-0.081)

    name  lower level upper
    x112   -inf 4.209   inf
    x111   -inf 4.250   inf
    x67    -inf 0.041   inf




----  e123


e123 .. [ 2813 | 123 | LocallyInfeasible ]

    + 0.500 * x88 + 0.500 * x89 + 1 * x105 - 1 * x104 - 20 * b24 - 20 * b23 <= 0 ; (lhs=-14)

    name   lower  level  upper
    x88    1.800      6      6
    x89    1.225  3.795  4.899
    x105    -inf 18.103    inf
    x104    -inf     17    inf
    b24        0      0      0   Frozen
    b23        1      1      1   Frozen




----  e124


e124 .. [ 2813 | 124 | LocallyInfeasible ]

    + 0.500 * x88 + 0.500 * x89 - 1 * x105 + 1 * x104 + 20 * b24 - 20 * b23 <= 20 ; (lhs=-16.205)

    name   lower  level  upper
    x88    1.800      6      6
    x89    1.225  3.795  4.899
    x105    -inf 18.103    inf
    x104    -inf     17    inf
    b24        0      0      0   Frozen
    b23        1      1      1   Frozen




----  e125


e125 .. [ 2813 | 125 | LocallyInfeasible ]

    + 0.500 * x96 + 0.500 * x97 + 1 * x112 - 1 * x111 - 5 * b24 + 5 * b23 <= 5 ; (lhs=6.500) ****

    name  lower level upper
    x96   1.500 1.500     5
    x97   1.225 1.581 4.899
    x112   -inf 4.209   inf
    x111   -inf 4.250   inf
    b24       0     0     0   Frozen
    b23       1     1     1   Frozen




----  e126


e126 .. [ 2813 | 126 | LocallyInfeasible ]

    + 0.500 * x96 + 0.500 * x97 - 1 * x112 + 1 * x111 + 5 * b24 + 5 * b23 <= 10 ; (lhs=6.581)

    name  lower level upper
    x96   1.500 1.500     5
    x97   1.225 1.581 4.899
    x112   -inf 4.209   inf
    x111   -inf 4.250   inf
    b24       0     0     0   Frozen
    b23       1     1     1   Frozen




----  e127


e127 .. [ 2813 | 127 | LocallyInfeasible ]

    - 1 * x106 + 1 * x104 - 1 * x68 <= 0 ; (lhs=-0.014)

    name   lower  level  upper
    x106    -inf  5.144    inf
    x104    -inf     17    inf
    x68     -inf 11.870    inf




----  e128


e128 .. [ 2813 | 128 | LocallyInfeasible ]

    + 1 * x106 - 1 * x104 - 1 * x68 <= 0 ; (lhs=-23.727)

    name   lower  level  upper
    x106    -inf  5.144    inf
    x104    -inf     17    inf
    x68     -inf 11.870    inf




----  e129


e129 .. [ 2813 | 129 | LocallyInfeasible ]

    - 1 * x113 + 1 * x111 - 1 * x69 <= 0 ; (lhs=0)

    name  lower level upper
    x113   -inf 4.209   inf
    x111   -inf 4.250   inf
    x69    -inf 0.041   inf




----  e130


e130 .. [ 2813 | 130 | LocallyInfeasible ]

    + 1 * x113 - 1 * x111 - 1 * x69 <= 0 ; (lhs=-0.081)

    name  lower level upper
    x113   -inf 4.209   inf
    x111   -inf 4.250   inf
    x69    -inf 0.041   inf




----  e131


e131 .. [ 2813 | 131 | LocallyInfeasible ]

    + 0.500 * x88 + 0.500 * x90 + 1 * x106 - 1 * x104 - 20 * b26 - 20 * b25 <= 0 ; (lhs=-5.694)

    name  lower level upper
    x88   1.800     6     6
    x90       2 6.325 6.325
    x106   -inf 5.144   inf
    x104   -inf    17   inf
    b26       0     0     0   Frozen
    b25       0     0     0   Frozen




----  e132


e132 .. [ 2813 | 132 | LocallyInfeasible ]

    + 0.500 * x88 + 0.500 * x90 - 1 * x106 + 1 * x104 + 20 * b26 - 20 * b25 <= 20 ; (lhs=18.019)

    name  lower level upper
    x88   1.800     6     6
    x90       2 6.325 6.325
    x106   -inf 5.144   inf
    x104   -inf    17   inf
    b26       0     0     0   Frozen
    b25       0     0     0   Frozen




----  e133


e133 .. [ 2813 | 133 | LocallyInfeasible ]

    + 0.500 * x96 + 0.500 * x98 + 1 * x113 - 1 * x111 - 5 * b26 + 5 * b25 <= 5 ; (lhs=1.500)

    name  lower level upper
    x96   1.500 1.500     5
    x98   1.581 1.581     5
    x113   -inf 4.209   inf
    x111   -inf 4.250   inf
    b26       0     0     0   Frozen
    b25       0     0     0   Frozen




----  e134


e134 .. [ 2813 | 134 | LocallyInfeasible ]

    + 0.500 * x96 + 0.500 * x98 - 1 * x113 + 1 * x111 + 5 * b26 + 5 * b25 <= 10 ; (lhs=1.581)

    name  lower level upper
    x96   1.500 1.500     5
    x98   1.581 1.581     5
    x113   -inf 4.209   inf
    x111   -inf 4.250   inf
    b26       0     0     0   Frozen
    b25       0     0     0   Frozen




----  e135


e135 .. [ 2813 | 135 | LocallyInfeasible ]

    - 1 * x107 + 1 * x104 - 1 * x70 <= 0 ; (lhs=-0.654)

    name   lower  level  upper
    x107    -inf 12.634    inf
    x104    -inf     17    inf
    x70     -inf  5.020    inf




----  e136


e136 .. [ 2813 | 136 | LocallyInfeasible ]

    + 1 * x107 - 1 * x104 - 1 * x70 <= 0 ; (lhs=-9.386)

    name   lower  level  upper
    x107    -inf 12.634    inf
    x104    -inf     17    inf
    x70     -inf  5.020    inf




----  e137


e137 .. [ 2813 | 137 | LocallyInfeasible ]

    - 1 * x114 + 1 * x111 - 1 * x71 <= 0 ; (lhs=-2.937)

    name  lower level upper
    x114   -inf 1.750   inf
    x111   -inf 4.250   inf
    x71    -inf 5.437   inf




----  e138


e138 .. [ 2813 | 138 | LocallyInfeasible ]

    + 1 * x114 - 1 * x111 - 1 * x71 <= 0 ; (lhs=-7.937)

    name  lower level upper
    x114   -inf 1.750   inf
    x111   -inf 4.250   inf
    x71    -inf 5.437   inf




----  e139


e139 .. [ 2813 | 139 | LocallyInfeasible ]

    + 0.500 * x88 + 0.500 * x91 + 1 * x107 - 1 * x104 - 20 * b28 - 20 * b27 <= 0 ; (lhs=-17.795)

    name   lower  level  upper
    x88    1.800      6      6
    x91        5  7.143     10
    x107    -inf 12.634    inf
    x104    -inf     17    inf
    b28        0      0      0   Frozen
    b27        1      1      1   Frozen




----  e140


e140 .. [ 2813 | 140 | LocallyInfeasible ]

    + 0.500 * x88 + 0.500 * x91 - 1 * x107 + 1 * x104 + 20 * b28 - 20 * b27 <= 20 ; (lhs=-9.062)

    name   lower  level  upper
    x88    1.800      6      6
    x91        5  7.143     10
    x107    -inf 12.634    inf
    x104    -inf     17    inf
    b28        0      0      0   Frozen
    b27        1      1      1   Frozen




----  e141


e141 .. [ 2813 | 141 | LocallyInfeasible ]

    + 0.500 * x96 + 0.500 * x99 + 1 * x114 - 1 * x111 - 5 * b28 + 5 * b27 <= 5 ; (lhs=5)

    name  lower level upper
    x96   1.500 1.500     5
    x99   2.500 3.500     5
    x114   -inf 1.750   inf
    x111   -inf 4.250   inf
    b28       0     0     0   Frozen
    b27       1     1     1   Frozen




----  e142


e142 .. [ 2813 | 142 | LocallyInfeasible ]

    + 0.500 * x96 + 0.500 * x99 - 1 * x114 + 1 * x111 + 5 * b28 + 5 * b27 <= 10 ; (lhs=10)

    name  lower level upper
    x96   1.500 1.500     5
    x99   2.500 3.500     5
    x114   -inf 1.750   inf
    x111   -inf 4.250   inf
    b28       0     0     0   Frozen
    b27       1     1     1   Frozen




----  e143


e143 .. [ 2813 | 143 | LocallyInfeasible ]

    - 1 * x108 + 1 * x104 - 1 * x72 <= 0 ; (lhs=0)

    name   lower  level  upper
    x108    -inf  3.656    inf
    x104    -inf     17    inf
    x72     -inf 13.344    inf




----  e144


e144 .. [ 2813 | 144 | LocallyInfeasible ]

    + 1 * x108 - 1 * x104 - 1 * x72 <= 0 ; (lhs=-26.688)

    name   lower  level  upper
    x108    -inf  3.656    inf
    x104    -inf     17    inf
    x72     -inf 13.344    inf




----  e145


e145 .. [ 2813 | 145 | LocallyInfeasible ]

    - 1 * x115 + 1 * x111 - 1 * x73 <= 0 ; (lhs=0)

    name  lower level upper
    x115   -inf 1.709   inf
    x111   -inf 4.250   inf
    x73    -inf 2.541   inf




----  e146


e146 .. [ 2813 | 146 | LocallyInfeasible ]

    + 1 * x115 - 1 * x111 - 1 * x73 <= 0 ; (lhs=-5.081)

    name  lower level upper
    x115   -inf 1.709   inf
    x111   -inf 4.250   inf
    x73    -inf 2.541   inf




----  e147


e147 .. [ 2813 | 147 | LocallyInfeasible ]

    + 0.500 * x88 + 0.500 * x92 + 1 * x108 - 1 * x104 - 20 * b30 - 20 * b29 <= 0 ; (lhs=-26.688)

    name  lower level upper
    x88   1.800     6     6
    x92       5 7.312    10
    x108   -inf 3.656   inf
    x104   -inf    17   inf
    b30       0     0     0   Frozen
    b29       1     1     1   Frozen




----  e148


e148 .. [ 2813 | 148 | LocallyInfeasible ]

    + 0.500 * x88 + 0.500 * x92 - 1 * x108 + 1 * x104 + 20 * b30 - 20 * b29 <= 20 ; (lhs=0)

    name  lower level upper
    x88   1.800     6     6
    x92       5 7.312    10
    x108   -inf 3.656   inf
    x104   -inf    17   inf
    b30       0     0     0   Frozen
    b29       1     1     1   Frozen




----  e149


e149 .. [ 2813 | 149 | LocallyInfeasible ]

    + 0.500 * x96 + 0.500 * x100 + 1 * x115 - 1 * x111 - 5 * b30 + 5 * b29 <= 5 ; (lhs=4.919)

    name  lower level upper
    x96   1.500 1.500     5
    x100  2.500 3.419     5
    x115   -inf 1.709   inf
    x111   -inf 4.250   inf
    b30       0     0     0   Frozen
    b29       1     1     1   Frozen




----  e150


e150 .. [ 2813 | 150 | LocallyInfeasible ]

    + 0.500 * x96 + 0.500 * x100 - 1 * x115 + 1 * x111 + 5 * b30 + 5 * b29 <= 10 ; (lhs=10)

    name  lower level upper
    x96   1.500 1.500     5
    x100  2.500 3.419     5
    x115   -inf 1.709   inf
    x111   -inf 4.250   inf
    b30       0     0     0   Frozen
    b29       1     1     1   Frozen




----  e151


e151 .. [ 2813 | 151 | LocallyInfeasible ]

    - 1 * x106 + 1 * x105 - 1 * x74 <= 0 ; (lhs=-1.160)

    name   lower  level  upper
    x106    -inf  5.144    inf
    x105    -inf 18.103    inf
    x74     -inf 14.119    inf




----  e152


e152 .. [ 2813 | 152 | LocallyInfeasible ]

    + 1 * x106 - 1 * x105 - 1 * x74 <= 0 ; (lhs=-27.078)

    name   lower  level  upper
    x106    -inf  5.144    inf
    x105    -inf 18.103    inf
    x74     -inf 14.119    inf




----  e153


e153 .. [ 2813 | 153 | LocallyInfeasible ]

    - 1 * x113 + 1 * x112 - 1 * x75 <= 0 ; (lhs=-0.962)

    name  lower level upper
    x113   -inf 4.209   inf
    x112   -inf 4.209   inf
    x75    -inf 0.962   inf




----  e154


e154 .. [ 2813 | 154 | LocallyInfeasible ]

    + 1 * x113 - 1 * x112 - 1 * x75 <= 0 ; (lhs=-0.962)

    name  lower level upper
    x113   -inf 4.209   inf
    x112   -inf 4.209   inf
    x75    -inf 0.962   inf




----  e155


e155 .. [ 2813 | 155 | LocallyInfeasible ]

    + 0.500 * x89 + 0.500 * x90 + 1 * x106 - 1 * x105 - 20 * b32 - 20 * b31 <= 0 ; (lhs=-7.899)

    name   lower  level  upper
    x89    1.225  3.795  4.899
    x90        2  6.325  6.325
    x106    -inf  5.144    inf
    x105    -inf 18.103    inf
    b32        0      0      0   Frozen
    b31        0      0      0   Frozen




----  e156


e156 .. [ 2813 | 156 | LocallyInfeasible ]

    + 0.500 * x89 + 0.500 * x90 - 1 * x106 + 1 * x105 + 20 * b32 - 20 * b31 <= 20 ; (lhs=18.019)

    name   lower  level  upper
    x89    1.225  3.795  4.899
    x90        2  6.325  6.325
    x106    -inf  5.144    inf
    x105    -inf 18.103    inf
    b32        0      0      0   Frozen
    b31        0      0      0   Frozen




----  e157


e157 .. [ 2813 | 157 | LocallyInfeasible ]

    + 0.500 * x97 + 0.500 * x98 + 1 * x113 - 1 * x112 - 5 * b32 + 5 * b31 <= 5 ; (lhs=1.581)

    name  lower level upper
    x97   1.225 1.581 4.899
    x98   1.581 1.581     5
    x113   -inf 4.209   inf
    x112   -inf 4.209   inf
    b32       0     0     0   Frozen
    b31       0     0     0   Frozen




----  e158


e158 .. [ 2813 | 158 | LocallyInfeasible ]

    + 0.500 * x97 + 0.500 * x98 - 1 * x113 + 1 * x112 + 5 * b32 + 5 * b31 <= 10 ; (lhs=1.581)

    name  lower level upper
    x97   1.225 1.581 4.899
    x98   1.581 1.581     5
    x113   -inf 4.209   inf
    x112   -inf 4.209   inf
    b32       0     0     0   Frozen
    b31       0     0     0   Frozen




----  e159


e159 .. [ 2813 | 159 | LocallyInfeasible ]

    - 1 * x107 + 1 * x105 - 1 * x76 <= 0 ; (lhs=0)

    name   lower  level  upper
    x107    -inf 12.634    inf
    x105    -inf 18.103    inf
    x76     -inf  5.469    inf




----  e160


e160 .. [ 2813 | 160 | LocallyInfeasible ]

    + 1 * x107 - 1 * x105 - 1 * x76 <= 0 ; (lhs=-10.938)

    name   lower  level  upper
    x107    -inf 12.634    inf
    x105    -inf 18.103    inf
    x76     -inf  5.469    inf




----  e161


e161 .. [ 2813 | 161 | LocallyInfeasible ]

    - 1 * x114 + 1 * x112 - 1 * x77 <= 0 ; (lhs=0)

    name  lower level upper
    x114   -inf 1.750   inf
    x112   -inf 4.209   inf
    x77    -inf 2.459   inf




----  e162


e162 .. [ 2813 | 162 | LocallyInfeasible ]

    + 1 * x114 - 1 * x112 - 1 * x77 <= 0 ; (lhs=-4.919)

    name  lower level upper
    x114   -inf 1.750   inf
    x112   -inf 4.209   inf
    x77    -inf 2.459   inf




----  e163


e163 .. [ 2813 | 163 | LocallyInfeasible ]

    + 0.500 * x89 + 0.500 * x91 + 1 * x107 - 1 * x105 - 20 * b34 - 20 * b33 <= 0 ; (lhs=0)

    name   lower  level  upper
    x89    1.225  3.795  4.899
    x91        5  7.143     10
    x107    -inf 12.634    inf
    x105    -inf 18.103    inf
    b34        0      0      0   Frozen
    b33        0      0      0   Frozen




----  e164


e164 .. [ 2813 | 164 | LocallyInfeasible ]

    + 0.500 * x89 + 0.500 * x91 - 1 * x107 + 1 * x105 + 20 * b34 - 20 * b33 <= 20 ; (lhs=10.938)

    name   lower  level  upper
    x89    1.225  3.795  4.899
    x91        5  7.143     10
    x107    -inf 12.634    inf
    x105    -inf 18.103    inf
    b34        0      0      0   Frozen
    b33        0      0      0   Frozen




----  e165


e165 .. [ 2813 | 165 | LocallyInfeasible ]

    + 0.500 * x97 + 0.500 * x99 + 1 * x114 - 1 * x112 - 5 * b34 + 5 * b33 <= 5 ; (lhs=0.081)

    name  lower level upper
    x97   1.225 1.581 4.899
    x99   2.500 3.500     5
    x114   -inf 1.750   inf
    x112   -inf 4.209   inf
    b34       0     0     0   Frozen
    b33       0     0     0   Frozen




----  e166


e166 .. [ 2813 | 166 | LocallyInfeasible ]

    + 0.500 * x97 + 0.500 * x99 - 1 * x114 + 1 * x112 + 5 * b34 + 5 * b33 <= 10 ; (lhs=5)

    name  lower level upper
    x97   1.225 1.581 4.899
    x99   2.500 3.500     5
    x114   -inf 1.750   inf
    x112   -inf 4.209   inf
    b34       0     0     0   Frozen
    b33       0     0     0   Frozen




----  e167


e167 .. [ 2813 | 167 | LocallyInfeasible ]

    - 1 * x108 + 1 * x105 - 1 * x78 <= 0 ; (lhs=0)

    name   lower  level  upper
    x108    -inf  3.656    inf
    x105    -inf 18.103    inf
    x78     -inf 14.446    inf




----  e168


e168 .. [ 2813 | 168 | LocallyInfeasible ]

    + 1 * x108 - 1 * x105 - 1 * x78 <= 0 ; (lhs=-28.893)

    name   lower  level  upper
    x108    -inf  3.656    inf
    x105    -inf 18.103    inf
    x78     -inf 14.446    inf




----  e169


e169 .. [ 2813 | 169 | LocallyInfeasible ]

    - 1 * x115 + 1 * x112 - 1 * x79 <= 0 ; (lhs=0)

    name  lower level upper
    x115   -inf 1.709   inf
    x112   -inf 4.209   inf
    x79    -inf 2.500   inf




----  e170


e170 .. [ 2813 | 170 | LocallyInfeasible ]

    + 1 * x115 - 1 * x112 - 1 * x79 <= 0 ; (lhs=-5)

    name  lower level upper
    x115   -inf 1.709   inf
    x112   -inf 4.209   inf
    x79    -inf 2.500   inf




----  e171


e171 .. [ 2813 | 171 | LocallyInfeasible ]

    + 0.500 * x89 + 0.500 * x92 + 1 * x108 - 1 * x105 - 20 * b36 - 20 * b35 <= 0 ; (lhs=-28.893)

    name   lower  level  upper
    x89    1.225  3.795  4.899
    x92        5  7.312     10
    x108    -inf  3.656    inf
    x105    -inf 18.103    inf
    b36        0      0      0   Frozen
    b35        1      1      1   Frozen




----  e172


e172 .. [ 2813 | 172 | LocallyInfeasible ]

    + 0.500 * x89 + 0.500 * x92 - 1 * x108 + 1 * x105 + 20 * b36 - 20 * b35 <= 20 ; (lhs=0)

    name   lower  level  upper
    x89    1.225  3.795  4.899
    x92        5  7.312     10
    x108    -inf  3.656    inf
    x105    -inf 18.103    inf
    b36        0      0      0   Frozen
    b35        1      1      1   Frozen




----  e173


e173 .. [ 2813 | 173 | LocallyInfeasible ]

    + 0.500 * x97 + 0.500 * x100 + 1 * x115 - 1 * x112 - 5 * b36 + 5 * b35 <= 5 ; (lhs=5)

    name  lower level upper
    x97   1.225 1.581 4.899
    x100  2.500 3.419     5
    x115   -inf 1.709   inf
    x112   -inf 4.209   inf
    b36       0     0     0   Frozen
    b35       1     1     1   Frozen




----  e174


e174 .. [ 2813 | 174 | LocallyInfeasible ]

    + 0.500 * x97 + 0.500 * x100 - 1 * x115 + 1 * x112 + 5 * b36 + 5 * b35 <= 10 ; (lhs=10)

    name  lower level upper
    x97   1.225 1.581 4.899
    x100  2.500 3.419     5
    x115   -inf 1.709   inf
    x112   -inf 4.209   inf
    b36       0     0     0   Frozen
    b35       1     1     1   Frozen




----  e175


e175 .. [ 2813 | 175 | LocallyInfeasible ]

    - 1 * x107 + 1 * x106 - 1 * x80 <= 0 ; (lhs=-14.980)

    name   lower  level  upper
    x107    -inf 12.634    inf
    x106    -inf  5.144    inf
    x80     -inf  7.490    inf




----  e176


e176 .. [ 2813 | 176 | LocallyInfeasible ]

    + 1 * x107 - 1 * x106 - 1 * x80 <= 0 ; (lhs=0)

    name   lower  level  upper
    x107    -inf 12.634    inf
    x106    -inf  5.144    inf
    x80     -inf  7.490    inf




----  e177


e177 .. [ 2813 | 177 | LocallyInfeasible ]

    - 1 * x114 + 1 * x113 - 1 * x81 <= 0 ; (lhs=0)

    name  lower level upper
    x114   -inf 1.750   inf
    x113   -inf 4.209   inf
    x81    -inf 2.459   inf




----  e178


e178 .. [ 2813 | 178 | LocallyInfeasible ]

    + 1 * x114 - 1 * x113 - 1 * x81 <= 0 ; (lhs=-4.919)

    name  lower level upper
    x114   -inf 1.750   inf
    x113   -inf 4.209   inf
    x81    -inf 2.459   inf




----  e179


e179 .. [ 2813 | 179 | LocallyInfeasible ]

    + 0.500 * x90 + 0.500 * x91 + 1 * x107 - 1 * x106 - 20 * b38 - 20 * b37 <= 0 ; (lhs=-5.776)

    name   lower  level  upper
    x90        2  6.325  6.325
    x91        5  7.143     10
    x107    -inf 12.634    inf
    x106    -inf  5.144    inf
    b38        1      1      1   Frozen
    b37        0      0      0   Frozen




----  e180


e180 .. [ 2813 | 180 | LocallyInfeasible ]

    + 0.500 * x90 + 0.500 * x91 - 1 * x107 + 1 * x106 + 20 * b38 - 20 * b37 <= 20 ; (lhs=19.244)

    name   lower  level  upper
    x90        2  6.325  6.325
    x91        5  7.143     10
    x107    -inf 12.634    inf
    x106    -inf  5.144    inf
    b38        1      1      1   Frozen
    b37        0      0      0   Frozen




----  e181


e181 .. [ 2813 | 181 | LocallyInfeasible ]

    + 0.500 * x98 + 0.500 * x99 + 1 * x114 - 1 * x113 - 5 * b38 + 5 * b37 <= 5 ; (lhs=-4.919)

    name  lower level upper
    x98   1.581 1.581     5
    x99   2.500 3.500     5
    x114   -inf 1.750   inf
    x113   -inf 4.209   inf
    b38       1     1     1   Frozen
    b37       0     0     0   Frozen




----  e182


e182 .. [ 2813 | 182 | LocallyInfeasible ]

    + 0.500 * x98 + 0.500 * x99 - 1 * x114 + 1 * x113 + 5 * b38 + 5 * b37 <= 10 ; (lhs=10)

    name  lower level upper
    x98   1.581 1.581     5
    x99   2.500 3.500     5
    x114   -inf 1.750   inf
    x113   -inf 4.209   inf
    b38       1     1     1   Frozen
    b37       0     0     0   Frozen




----  e183


e183 .. [ 2813 | 183 | LocallyInfeasible ]

    - 1 * x108 + 1 * x106 - 1 * x82 <= 0 ; (lhs=-0.401)

    name  lower level upper
    x108   -inf 3.656   inf
    x106   -inf 5.144   inf
    x82    -inf 1.888   inf




----  e184


e184 .. [ 2813 | 184 | LocallyInfeasible ]

    + 1 * x108 - 1 * x106 - 1 * x82 <= 0 ; (lhs=-3.375)

    name  lower level upper
    x108   -inf 3.656   inf
    x106   -inf 5.144   inf
    x82    -inf 1.888   inf




----  e185


e185 .. [ 2813 | 185 | LocallyInfeasible ]

    - 1 * x115 + 1 * x113 - 1 * x83 <= 0 ; (lhs=0)

    name  lower level upper
    x115   -inf 1.709   inf
    x113   -inf 4.209   inf
    x83    -inf 2.500   inf




----  e186


e186 .. [ 2813 | 186 | LocallyInfeasible ]

    + 1 * x115 - 1 * x113 - 1 * x83 <= 0 ; (lhs=-5)

    name  lower level upper
    x115   -inf 1.709   inf
    x113   -inf 4.209   inf
    x83    -inf 2.500   inf




----  e187


e187 .. [ 2813 | 187 | LocallyInfeasible ]

    + 0.500 * x90 + 0.500 * x92 + 1 * x108 - 1 * x106 - 20 * b40 - 20 * b39 <= 0 ; (lhs=-14.669)

    name  lower level upper
    x90       2 6.325 6.325
    x92       5 7.312    10
    x108   -inf 3.656   inf
    x106   -inf 5.144   inf
    b40       0     0     0   Frozen
    b39       1     1     1   Frozen




----  e188


e188 .. [ 2813 | 188 | LocallyInfeasible ]

    + 0.500 * x90 + 0.500 * x92 - 1 * x108 + 1 * x106 + 20 * b40 - 20 * b39 <= 20 ; (lhs=-11.694)

    name  lower level upper
    x90       2 6.325 6.325
    x92       5 7.312    10
    x108   -inf 3.656   inf
    x106   -inf 5.144   inf
    b40       0     0     0   Frozen
    b39       1     1     1   Frozen




----  e189


e189 .. [ 2813 | 189 | LocallyInfeasible ]

    + 0.500 * x98 + 0.500 * x100 + 1 * x115 - 1 * x113 - 5 * b40 + 5 * b39 <= 5 ; (lhs=5)

    name  lower level upper
    x98   1.581 1.581     5
    x100  2.500 3.419     5
    x115   -inf 1.709   inf
    x113   -inf 4.209   inf
    b40       0     0     0   Frozen
    b39       1     1     1   Frozen




----  e190


e190 .. [ 2813 | 190 | LocallyInfeasible ]

    + 0.500 * x98 + 0.500 * x100 - 1 * x115 + 1 * x113 + 5 * b40 + 5 * b39 <= 10 ; (lhs=10)

    name  lower level upper
    x98   1.581 1.581     5
    x100  2.500 3.419     5
    x115   -inf 1.709   inf
    x113   -inf 4.209   inf
    b40       0     0     0   Frozen
    b39       1     1     1   Frozen




----  e191


e191 .. [ 2813 | 191 | LocallyInfeasible ]

    - 1 * x108 + 1 * x107 - 1 * x84 <= 0 ; (lhs=-15.729)

    name   lower  level  upper
    x108    -inf  3.656    inf
    x107    -inf 12.634    inf
    x84     -inf 24.706    inf




----  e192


e192 .. [ 2813 | 192 | LocallyInfeasible ]

    + 1 * x108 - 1 * x107 - 1 * x84 <= 0 ; (lhs=-33.684)

    name   lower  level  upper
    x108    -inf  3.656    inf
    x107    -inf 12.634    inf
    x84     -inf 24.706    inf




----  e193


e193 .. [ 2813 | 193 | LocallyInfeasible ]

    - 1 * x115 + 1 * x114 - 1 * x85 <= 0 ; (lhs=-0.924)

    name  lower level upper
    x115   -inf 1.709   inf
    x114   -inf 1.750   inf
    x85    -inf 0.964   inf




----  e194


e194 .. [ 2813 | 194 | LocallyInfeasible ]

    + 1 * x115 - 1 * x114 - 1 * x85 <= 0 ; (lhs=-1.005)

    name  lower level upper
    x115   -inf 1.709   inf
    x114   -inf 1.750   inf
    x85    -inf 0.964   inf




----  e195


e195 .. [ 2813 | 195 | LocallyInfeasible ]

    + 0.500 * x91 + 0.500 * x92 + 1 * x108 - 1 * x107 - 20 * b42 - 20 * b41 <= 0 ; (lhs=-1.750)

    name   lower  level  upper
    x91        5  7.143     10
    x92        5  7.312     10
    x108    -inf  3.656    inf
    x107    -inf 12.634    inf
    b42        0      0      0   Frozen
    b41        0      0      0   Frozen




----  e196


e196 .. [ 2813 | 196 | LocallyInfeasible ]

    + 0.500 * x91 + 0.500 * x92 - 1 * x108 + 1 * x107 + 20 * b42 - 20 * b41 <= 20 ; (lhs=16.205)

    name   lower  level  upper
    x91        5  7.143     10
    x92        5  7.312     10
    x108    -inf  3.656    inf
    x107    -inf 12.634    inf
    b42        0      0      0   Frozen
    b41        0      0      0   Frozen




----  e197


e197 .. [ 2813 | 197 | LocallyInfeasible ]

    + 0.500 * x99 + 0.500 * x100 + 1 * x115 - 1 * x114 - 5 * b42 + 5 * b41 <= 5 ; (lhs=3.419)

    name  lower level upper
    x99   2.500 3.500     5
    x100  2.500 3.419     5
    x115   -inf 1.709   inf
    x114   -inf 1.750   inf
    b42       0     0     0   Frozen
    b41       0     0     0   Frozen




----  e198


e198 .. [ 2813 | 198 | LocallyInfeasible ]

    + 0.500 * x99 + 0.500 * x100 - 1 * x115 + 1 * x114 + 5 * b42 + 5 * b41 <= 10 ; (lhs=3.500)

    name  lower level upper
    x99   2.500 3.500     5
    x100  2.500 3.419     5
    x115   -inf 1.709   inf
    x114   -inf 1.750   inf
    b42       0     0     0   Frozen
    b41       0     0     0   Frozen




----  e199


e199 .. [ 2813 | 199 | LocallyInfeasible ]

    + [-0.835] * x86 - 1 * x94 <= 0 ; (lhs=0)

    name  lower level upper
    x86   2.800 4.095 7.483
    x94   1.871 3.419     5




----  e200


e200 .. [ 2813 | 200 | LocallyInfeasible ]

    - 1 * x86 + [-1.198] * x94 <= 0 ; (lhs=0)

    name  lower level upper
    x86   2.800 4.095 7.483
    x94   1.871 3.419     5




----  e201


e201 .. [ 2813 | 201 | LocallyInfeasible ]

    + [-1.169] * x87 - 1 * x95 <= 0 ; (lhs=0)

    name  lower level upper
    x87       2 2.925 6.325
    x95   1.581 3.419     5




----  e202


e202 .. [ 2813 | 202 | LocallyInfeasible ]

    - 1 * x87 + [-0.856] * x95 <= 0 ; (lhs=0)

    name  lower level upper
    x87       2 2.925 6.325
    x95   1.581 3.419     5




----  e203


e203 .. [ 2813 | 203 | LocallyInfeasible ]

    + [-0.250] * x88 - 1 * x96 <= 0 ; (lhs=0)

    name  lower level upper
    x88   1.800     6     6
    x96   1.500 1.500     5




----  e204


e204 .. [ 2813 | 204 | LocallyInfeasible ]

    - 1 * x88 + [-4] * x96 <= 0 ; (lhs=0)

    name  lower level upper
    x88   1.800     6     6
    x96   1.500 1.500     5




----  e205


e205 .. [ 2813 | 205 | LocallyInfeasible ]

    + [-0.417] * x89 - 1 * x97 <= 0 ; (lhs=0)

    name  lower level upper
    x89   1.225 3.795 4.899
    x97   1.225 1.581 4.899




----  e206


e206 .. [ 2813 | 206 | LocallyInfeasible ]

    - 1 * x89 + [-2.400] * x97 <= 0 ; (lhs=0)

    name  lower level upper
    x89   1.225 3.795 4.899
    x97   1.225 1.581 4.899




----  e207


e207 .. [ 2813 | 207 | LocallyInfeasible ]

    + [-0.250] * x90 - 1 * x98 <= 0 ; (lhs=0)

    name  lower level upper
    x90       2 6.325 6.325
    x98   1.581 1.581     5




----  e208


e208 .. [ 2813 | 208 | LocallyInfeasible ]

    - 1 * x90 + [-4.000] * x98 <= 0 ; (lhs=0)

    name  lower level upper
    x90       2 6.325 6.325
    x98   1.581 1.581     5




----  e209


e209 .. [ 2813 | 209 | LocallyInfeasible ]

    + [-0.490] * x91 - 1 * x99 <= 0 ; (lhs=0)

    name  lower level upper
    x91       5 7.143    10
    x99   2.500 3.500     5




----  e210


e210 .. [ 2813 | 210 | LocallyInfeasible ]

    - 1 * x91 + [-2.041] * x99 <= 0 ; (lhs=0)

    name  lower level upper
    x91       5 7.143    10
    x99   2.500 3.500     5




----  e211


e211 .. [ 2813 | 211 | LocallyInfeasible ]

    + [-0.468] * x92 - 1 * x100 <= 0 ; (lhs=0)

    name  lower level upper
    x92       5 7.312    10
    x100  2.500 3.419     5




----  e212


e212 .. [ 2813 | 212 | LocallyInfeasible ]

    - 1 * x92 + [-2.139] * x100 <= 0 ; (lhs=0)

    name  lower level upper
    x92       5 7.312    10
    x100  2.500 3.419     5


These are the 2813'th model statistics of Heur.

                   Symbolic   Individual
    Constraints      212          212      (4 infeasible)
    Variables        115          113      (42 frozen)
    Elements        1079          853      (14 non-linear)
    Instructions      28
    Constants         14


